<?xml version="1.0" encoding="UTF-8"?>
<!-- Generated by org.testng.reporters.JUnitReportReporter -->
<testsuite hostname="DESKTOP-7J0E1U4" failures="0" tests="3" name="startRestTest.GetAll" time="0.151" errors="0" timestamp="2023-05-02T18:14:07 CDT" skipped="0">
  <testcase classname="startRestTest.GetAll" name="statusCode" time="0.046"/>
  <system-out/>
  <testcase classname="startRestTest.GetAll" name="responseBody" time="0.105"/>
  <system-out/>
  <testcase classname="startRestTest.GetAll" name="responseHeader" time="0.000"/>
  <system-out/>
</testsuite> <!-- startRestTest.GetAll -->
