<?xml version="1.0" encoding="UTF-8"?>
<!-- Generated by org.testng.reporters.JUnitReportReporter -->
<testsuite hostname="DESKTOP-7J0E1U4" failures="0" tests="4" name="startRestTest.PostAProduct" time="0.215" errors="0" timestamp="2023-05-02T18:14:07 CDT" skipped="0">
  <testcase classname="startRestTest.PostAProduct" name="postData" time="0.059"/>
  <system-out/>
  <testcase classname="startRestTest.PostAProduct" name="postData" time="0.102"/>
  <system-out/>
  <testcase classname="startRestTest.PostAProduct" name="postData" time="0.053"/>
  <system-out/>
  <testcase classname="startRestTest.PostAProduct" name="getData" time="0.001"/>
  <system-out/>
</testsuite> <!-- startRestTest.PostAProduct -->
