<?xml version="1.0" encoding="UTF-8"?>
<!-- Generated by org.testng.reporters.JUnitReportReporter -->
<testsuite hostname="DESKTOP-7J0E1U4" failures="0" tests="1" name="startRestTest.DeleteAProduct" time="1.426" errors="0" timestamp="2023-05-02T18:14:07 CDT" skipped="0">
  <testcase classname="startRestTest.DeleteAProduct" name="get_del" time="1.426"/>
  <system-out/>
</testsuite> <!-- startRestTest.DeleteAProduct -->
