<?xml version="1.0" encoding="UTF-8"?>
<!-- Generated by org.testng.reporters.JUnitReportReporter -->
<testsuite hostname="DESKTOP-7J0E1U4" failures="0" tests="4" name="startRest.StartRest" time="0.573" errors="0" timestamp="2023-04-22T18:07:15 CDT" skipped="0">
  <testcase classname="startRest.StartRest" name="logTest" time="0.004"/>
  <system-out/>
  <testcase classname="startRest.StartRest" name="statusCode" time="0.004"/>
  <system-out/>
  <testcase classname="startRest.StartRest" name="responseHeader" time="0.002"/>
  <system-out/>
  <testcase classname="startRest.StartRest" name="responseBody" time="0.563"/>
  <system-out/>
</testsuite> <!-- startRest.StartRest -->
