<?xml version="1.0" encoding="UTF-8"?>
<!-- Generated by org.testng.reporters.JUnitReportReporter -->
<testsuite hostname="DESKTOP-7J0E1U4" failures="0" tests="1" name="BasePage.Base" time="0.014" errors="0" timestamp="2023-04-20T17:06:41 CDT" skipped="0">
  <testcase classname="BasePage.Base" name="logTest" time="0.014"/>
  <system-out/>
</testsuite> <!-- BasePage.Base -->
