<?xml version="1.0" encoding="UTF-8"?>
<!-- Generated by org.testng.reporters.JUnitReportReporter -->
<testsuite hostname="DESKTOP-7J0E1U4" failures="0" tests="4" name="startRest.PostAProduct" time="2.475" errors="0" timestamp="2023-04-23T18:31:05 CDT" skipped="0">
  <testcase classname="startRest.PostAProduct" name="postData" time="0.409"/>
  <system-out/>
  <testcase classname="startRest.PostAProduct" name="postData" time="1.944"/>
  <system-out/>
  <testcase classname="startRest.PostAProduct" name="postData" time="0.097"/>
  <system-out/>
  <testcase classname="startRest.PostAProduct" name="getData" time="0.025"/>
  <system-out/>
</testsuite> <!-- startRest.PostAProduct -->
